Traceback (most recent call last):
  File "/myriadfs/home/rmapcag/Scratch/MPHY0041_CW_2/cw2-pt/train.py", line 262, in <module>
    main()
  File "/myriadfs/home/rmapcag/Scratch/MPHY0041_CW_2/cw2-pt/train.py", line 227, in main
    train_loss, train_acc, train_dice = train_one_epoch(
                                        ^^^^^^^^^^^^^^^^
  File "/myriadfs/home/rmapcag/Scratch/MPHY0041_CW_2/cw2-pt/train.py", line 101, in train_one_epoch
    logits = model(images)
             ^^^^^^^^^^^^^
  File "/myriadfs/home/rmapcag/y/envs/cw2-pt/lib/python3.11/site-packages/torch/nn/modules/module.py", line 1739, in _wrapped_call_impl
    return self._call_impl(*args, **kwargs)
           ^^^^^^^^^^^^^^^^^^^^^^^^^^^^^^^^
  File "/myriadfs/home/rmapcag/y/envs/cw2-pt/lib/python3.11/site-packages/torch/nn/modules/module.py", line 1750, in _call_impl
    return forward_call(*args, **kwargs)
           ^^^^^^^^^^^^^^^^^^^^^^^^^^^^^
  File "/myriadfs/home/rmapcag/Scratch/MPHY0041_CW_2/cw2-pt/src/model.py", line 48, in forward
    e1 = self.enc1(x)
         ^^^^^^^^^^^^
  File "/myriadfs/home/rmapcag/y/envs/cw2-pt/lib/python3.11/site-packages/torch/nn/modules/module.py", line 1739, in _wrapped_call_impl
    return self._call_impl(*args, **kwargs)
           ^^^^^^^^^^^^^^^^^^^^^^^^^^^^^^^^
  File "/myriadfs/home/rmapcag/y/envs/cw2-pt/lib/python3.11/site-packages/torch/nn/modules/module.py", line 1750, in _call_impl
    return forward_call(*args, **kwargs)
           ^^^^^^^^^^^^^^^^^^^^^^^^^^^^^
  File "/myriadfs/home/rmapcag/Scratch/MPHY0041_CW_2/cw2-pt/src/model.py", line 18, in forward
    return self.conv(x)
           ^^^^^^^^^^^^
  File "/myriadfs/home/rmapcag/y/envs/cw2-pt/lib/python3.11/site-packages/torch/nn/modules/module.py", line 1739, in _wrapped_call_impl
    return self._call_impl(*args, **kwargs)
           ^^^^^^^^^^^^^^^^^^^^^^^^^^^^^^^^
  File "/myriadfs/home/rmapcag/y/envs/cw2-pt/lib/python3.11/site-packages/torch/nn/modules/module.py", line 1750, in _call_impl
    return forward_call(*args, **kwargs)
           ^^^^^^^^^^^^^^^^^^^^^^^^^^^^^
  File "/myriadfs/home/rmapcag/y/envs/cw2-pt/lib/python3.11/site-packages/torch/nn/modules/container.py", line 250, in forward
    input = module(input)
            ^^^^^^^^^^^^^
  File "/myriadfs/home/rmapcag/y/envs/cw2-pt/lib/python3.11/site-packages/torch/nn/modules/module.py", line 1739, in _wrapped_call_impl
    return self._call_impl(*args, **kwargs)
           ^^^^^^^^^^^^^^^^^^^^^^^^^^^^^^^^
  File "/myriadfs/home/rmapcag/y/envs/cw2-pt/lib/python3.11/site-packages/torch/nn/modules/module.py", line 1750, in _call_impl
    return forward_call(*args, **kwargs)
           ^^^^^^^^^^^^^^^^^^^^^^^^^^^^^
  File "/myriadfs/home/rmapcag/y/envs/cw2-pt/lib/python3.11/site-packages/torch/nn/modules/conv.py", line 554, in forward
    return self._conv_forward(input, self.weight, self.bias)
           ^^^^^^^^^^^^^^^^^^^^^^^^^^^^^^^^^^^^^^^^^^^^^^^^^
  File "/myriadfs/home/rmapcag/y/envs/cw2-pt/lib/python3.11/site-packages/torch/nn/modules/conv.py", line 549, in _conv_forward
    return F.conv2d(
           ^^^^^^^^^
RuntimeError: Given groups=1, weight of size [64, 1, 3, 3], expected input[16, 64, 192, 192] to have 1 channels, but got 64 channels instead
