Starting training for 20 epochs on cuda…
Epoch 001 | 1322.3s | train loss 0.5219 dice 0.3042 superDice nan AUC 0.8954 | val loss 0.2760 dice 0.5959 superDice 0.6703 AUC 0.9838
   Per-class train dice: [0.9716, 0.6869, 0.621, 0.8952, 0.69, 0.7325, 0.824, 0.0, 0.5383]
   Per-class val   dice: [0.9424, 0.4511, 0.2539, 0.7787, 0.4559, 0.4764, 0.7544, 0.0, 0.2738]
   Per-class train HD95: [3.0, 38.58, 7.01, 4.06, 18.09, 25.01, 65.51, 'nan', 6.95]
   Per-class val   HD95: [5.0, 47.76, 175.87, 11.84, 27.16, 46.04, 48.7, 'nan', 7.88]
   Logged metrics to metrics.json and metrics.csv
	   Saved checkpoint (best superDice) to data/preprocessed_data/hierarchy_50_model.pt
	   Saved checkpoint (best overall Dice) to data/preprocessed_data/best_model_dice.pt
Epoch 002 | 1546.4s | train loss 0.2384 dice 0.6425 superDice nan AUC 0.9912 | val loss 0.2274 dice 0.6738 superDice 0.7517 AUC 0.9930
   Per-class train dice: [0.9553, 0.2132, 0.4653, 0.8246, 0.4722, 0.7184, 0.6655, 0.2156, 0.0883]
   Per-class val   dice: [0.9461, 0.8094, 0.3175, 0.7563, 0.5985, 0.7512, 0.7757, 0.0, 0.4992]
   Per-class train HD95: [4.36, 29.33, 13.14, 9.13, 27.2, 44.79, 31.95, 69.24, 20.73]
   Per-class val   HD95: [4.0, 33.28, 175.33, 12.76, 26.65, 55.52, 53.66, 'nan', 6.27]
   Logged metrics to metrics.json and metrics.csv
	   Saved checkpoint (best superDice) to data/preprocessed_data/hierarchy_50_model.pt
	   Saved checkpoint (best overall Dice) to data/preprocessed_data/best_model_dice.pt
Epoch 003 | 1546.1s | train loss 0.1945 dice 0.6936 superDice nan AUC 0.9947 | val loss 0.2409 dice 0.6812 superDice 0.7278 AUC 0.9914
   Per-class train dice: [0.9641, 0.9832, 0.9236, 0.9107, 0.6595, 0.7693, 0.7485, 0.8051, 0.5603]
   Per-class val   dice: [0.9531, 0.7154, 0.4111, 0.833, 0.6045, 0.8078, 0.7956, 0.0, 0.5492]
   Per-class train HD95: [2.53, 1.0, 2.22, 3.14, 21.71, 17.65, 118.11, 7.34, 13.8]
   Per-class val   HD95: [3.61, 16.35, 173.92, 20.04, 8.93, 5.74, 69.78, 'nan', 5.47]
   Logged metrics to metrics.json and metrics.csv
	   Saved checkpoint (best overall Dice) to data/preprocessed_data/best_model_dice.pt
Epoch 004 | 1551.7s | train loss 0.1728 dice 0.7179 superDice nan AUC 0.9962 | val loss 0.1797 dice 0.7042 superDice 0.7692 AUC 0.9954
   Per-class train dice: [0.974, 0.9581, 0.9307, 0.8984, 0.7109, 0.7324, 0.8992, 0.6515, 0.7538]
   Per-class val   dice: [0.9556, 0.8813, 0.4801, 0.8391, 0.6646, 0.8198, 0.8435, 0.0, 0.5135]
   Per-class train HD95: [2.53, 3.0, 2.24, 3.0, 8.39, 4.8, 4.3, 5.94, 4.2]
   Per-class val   HD95: [4.0, 4.4, 172.41, 9.73, 13.12, 4.0, 9.9, 'nan', 7.99]
   Logged metrics to metrics.json and metrics.csv
	   Saved checkpoint (best superDice) to data/preprocessed_data/hierarchy_50_model.pt
	   Saved checkpoint (best overall Dice) to data/preprocessed_data/best_model_dice.pt
Epoch 005 | 1571.0s | train loss 0.1607 dice 0.7280 superDice nan AUC 0.9968 | val loss 0.2534 dice 0.6880 superDice 0.8102 AUC 0.9956
   Per-class train dice: [0.9816, 0.0591, 0.9019, 0.9031, 0.7626, 0.8302, 0.9295, 0.0, 0.6416]
   Per-class val   dice: [0.9301, 0.559, 0.042, 0.5558, 0.0, 0.0, 0.8791, 0.5303, 'nan']
   Per-class train HD95: [2.12, 105.42, 16.42, 3.0, 5.0, 4.35, 23.3, 'nan', 7.35]
   Per-class val   HD95: [3.08, 35.74, 116.19, 10.71, 'nan', 'nan', 38.39, 13.47, 'nan']
   Logged metrics to metrics.json and metrics.csv
	   Saved checkpoint (best superDice) to data/preprocessed_data/hierarchy_50_model.pt
Epoch 006 | 1654.4s | train loss 0.1490 dice 0.7426 superDice nan AUC 0.9973 | val loss 0.1637 dice 0.7350 superDice 0.8175 AUC 0.9962
   Per-class train dice: [0.9693, 0.9791, 0.9374, 0.8106, 0.7606, 0.881, 0.9119, 0.7749, 0.6467]
   Per-class val   dice: [0.9449, 0.7298, 0.1235, 0.7277, 0.1941, 0.4541, 0.866, 0.619, 0.0]
   Per-class train HD95: [2.83, 1.41, 2.06, 4.74, 5.0, 3.54, 2.91, 5.66, 5.0]
   Per-class val   HD95: [4.12, 23.72, 172.19, 5.74, 37.8, 4.25, 8.0, 8.82, 61.07]
   Logged metrics to metrics.json and metrics.csv
	   Saved checkpoint (best superDice) to data/preprocessed_data/hierarchy_50_model.pt
	   Saved checkpoint (best overall Dice) to data/preprocessed_data/best_model_dice.pt
Epoch 007 | 1658.9s | train loss 0.1405 dice 0.7547 superDice nan AUC 0.9976 | val loss 0.1703 dice 0.7228 superDice 0.7950 AUC 0.9959
   Per-class train dice: [0.9378, 0.2834, 0.6626, 0.2859, 0.0, 0.0, 0.5586, 0.686, 'nan']
   Per-class val   dice: [0.9592, 0.8827, 0.4956, 0.8435, 0.66, 0.8183, 0.868, 0.0, 0.4718]
   Per-class train HD95: [1.0, 75.24, 3.62, 3.0, 'nan', 'nan', 51.78, 8.6, 'nan']
   Per-class val   HD95: [4.0, 27.18, 172.91, 9.23, 9.4, 5.0, 38.49, 'nan', 8.47]
   Logged metrics to metrics.json and metrics.csv
Epoch 008 | 1596.3s | train loss 0.1343 dice 0.7634 superDice nan AUC 0.9980 | val loss 0.1763 dice 0.7299 superDice 0.8185 AUC 0.9956
   Per-class train dice: [0.9712, 0.8643, 0.8119, 0.9021, 0.7975, 0.8242, 0.7756, 0.2009, 0.7176]
   Per-class val   dice: [0.9415, 0.6591, 0.1412, 0.718, 0.3985, 0.664, 0.9261, 0.3193, 0.3872]
   Per-class train HD95: [2.0, 6.34, 1.71, 5.1, 3.38, 4.16, 76.03, 16.84, 4.47]
   Per-class val   HD95: [3.0, 28.21, 111.54, 7.07, 39.61, 4.92, 5.5, 19.86, 61.01]
   Logged metrics to metrics.json and metrics.csv
	   Saved checkpoint (best superDice) to data/preprocessed_data/hierarchy_50_model.pt
Epoch 009 | 1642.7s | train loss 0.1299 dice 0.7730 superDice nan AUC 0.9982 | val loss 0.1790 dice 0.7200 superDice nan AUC 0.9941
   Per-class train dice: [0.9879, 0.581, 0.917, 0.8679, 0.6894, 0.7652, 0.7897, 0.0, 0.6087]
   Per-class val   dice: [0.959, 0.8361, 0.4028, 0.8453, 0.6592, 0.8228, 0.8036, 0.0, 0.6246]
   Per-class train HD95: [1.71, 7.05, 3.0, 3.08, 4.55, 5.0, 6.23, 'nan', 5.0]
   Per-class val   HD95: [4.12, 3.0, 171.28, 12.33, 10.33, 5.0, 10.02, 'nan', 5.66]
   Logged metrics to metrics.json and metrics.csv
Epoch 010 | 1669.3s | train loss 0.1256 dice 0.7767 superDice nan AUC 0.9982 | val loss 0.1595 dice 0.7462 superDice 0.8226 AUC 0.9965
   Per-class train dice: [0.9735, 0.9258, 0.7781, 0.8645, 0.776, 0.932, 0.9095, 0.8284, 0.7349]
   Per-class val   dice: [0.9422, 0.6822, 0.1284, 0.6816, 0.0, 0.0, 0.8557, 0.5296, 'nan']
   Per-class train HD95: [3.08, 54.38, 5.0, 4.0, 4.5, 2.92, 5.0, 5.09, 4.45]
   Per-class val   HD95: [5.39, 25.82, 25.75, 13.99, 'nan', 'nan', 8.66, 10.18, 'nan']
   Logged metrics to metrics.json and metrics.csv
	   Saved checkpoint (best superDice) to data/preprocessed_data/hierarchy_50_model.pt
	   Saved checkpoint (best overall Dice) to data/preprocessed_data/best_model_dice.pt
Epoch 011 | 1650.3s | train loss 0.1209 dice 0.7826 superDice nan AUC 0.9985 | val loss 0.1656 dice 0.7491 superDice nan AUC 0.9963
   Per-class train dice: [0.972, 0.8789, 0.2008, 0.8173, 0.7854, 0.8349, 0.9569, 0.7382, 0.4903]
   Per-class val   dice: [0.9441, 0.7734, 0.0979, 0.7674, 0.3957, 0.7153, 0.8653, 0.6287, 0.1606]
   Per-class train HD95: [2.53, 6.27, 13.53, 9.09, 3.8, 3.93, 42.96, 9.47, 6.39]
   Per-class val   HD95: [3.38, 10.79, 174.45, 5.9, 37.79, 6.02, 8.08, 8.51, 8.88]
   Logged metrics to metrics.json and metrics.csv
	   Saved checkpoint (best overall Dice) to data/preprocessed_data/best_model_dice.pt
Epoch 012 | 1577.5s | train loss 0.1154 dice 0.7936 superDice 0.8832 AUC 0.9987 | val loss 0.1614 dice 0.7415 superDice 0.8203 AUC 0.9964
   Per-class train dice: [0.9722, 0.9626, 0.9517, 0.8852, 0.7784, 0.8922, 0.8695, 0.7854, 0.6423]
   Per-class val   dice: [0.9434, 0.6119, 0.0222, 0.6864, 0.0, 0.0, 0.8551, 0.5379, 'nan']
   Per-class train HD95: [3.0, 2.0, 2.0, 4.74, 7.87, 4.27, 3.21, 7.28, 9.95]
   Per-class val   HD95: [4.15, 36.03, 29.21, 5.83, 'nan', 'nan', 7.85, 12.41, 'nan']
   Logged metrics to metrics.json and metrics.csv
Epoch 013 | 1668.0s | train loss 0.1138 dice 0.7978 superDice nan AUC 0.9988 | val loss 0.1820 dice 0.7271 superDice nan AUC 0.9958
   Per-class train dice: [0.9879, 0.8918, 0.9674, 0.9236, 0.8046, 0.9504, 0.8782, 'nan', 0.687]
   Per-class val   dice: [0.9344, 0.7947, 0.3954, 0.8292, 0.5669, 0.8028, 0.8152, 0.5494, 0.6429]
   Per-class train HD95: [1.41, 2.83, 1.23, 2.05, 3.21, 2.38, 3.61, 'nan', 7.48]
   Per-class val   HD95: [5.74, 18.54, 103.55, 6.03, 9.67, 5.0, 8.96, 8.31, 4.84]
   Logged metrics to metrics.json and metrics.csv
Epoch 014 | 1669.5s | train loss 0.1098 dice 0.8028 superDice nan AUC 0.9989 | val loss 0.1865 dice 0.7191 superDice nan AUC 0.9954
   Per-class train dice: [0.9736, 0.9339, 0.9635, 0.8844, 0.7289, 0.9319, 0.8887, 0.8407, 0.7353]
   Per-class val   dice: [0.9602, 0.8678, 0.4848, 0.8359, 0.6474, 0.8321, 0.7617, 'nan', 0.5271]
   Per-class train HD95: [3.8, 3.8, 1.19, 3.99, 6.0, 2.83, 3.0, 5.66, 4.61]
   Per-class val   HD95: [5.0, 4.0, 173.77, 7.27, 9.7, 5.0, 12.08, 'nan', 6.32]
   Logged metrics to metrics.json and metrics.csv
Epoch 015 | 1595.8s | train loss 0.1082 dice 0.8061 superDice nan AUC 0.9989 | val loss 0.1692 dice 0.7509 superDice 0.8297 AUC 0.9956
   Per-class train dice: [0.9806, 0.4188, 0.9565, 0.8754, 0.82, 0.8872, 0.9079, 'nan', 0.7621]
   Per-class val   dice: [0.9591, 0.8994, 0.487, 0.8674, 0.5992, 0.8102, 0.8314, 0.0, 0.5817]
   Per-class train HD95: [2.62, 7.09, 2.0, 8.53, 3.61, 3.16, 3.0, 'nan', 3.61]
   Per-class val   HD95: [3.16, 3.7, 103.33, 8.14, 7.21, 6.87, 7.02, 'nan', 6.85]
   Logged metrics to metrics.json and metrics.csv
	   Saved checkpoint (best superDice) to data/preprocessed_data/hierarchy_50_model.pt
	   Saved checkpoint (best overall Dice) to data/preprocessed_data/best_model_dice.pt
Epoch 016 | 1617.8s | train loss 0.1048 dice 0.8096 superDice nan AUC 0.9991 | val loss 0.1863 dice 0.7236 superDice 0.7971 AUC 0.9942
   Per-class train dice: [0.9815, 0.9241, 0.9271, 0.9274, 0.8212, 0.8589, 0.8742, 0.0, 0.7239]
   Per-class val   dice: [0.9473, 0.8584, 0.2664, 0.8393, 0.5905, 0.7856, 0.8893, 0.3824, 0.418]
   Per-class train HD95: [2.0, 2.0, 2.96, 2.0, 3.61, 3.3, 73.22, 'nan', 4.1]
   Per-class val   HD95: [3.8, 19.56, 170.46, 6.5, 13.02, 7.46, 7.23, 14.77, 8.61]
   Logged metrics to metrics.json and metrics.csv
Epoch 017 | 1663.8s | train loss 0.1026 dice 0.8166 superDice nan AUC 0.9990 | val loss 0.1768 dice 0.7334 superDice 0.8257 AUC 0.9956
   Per-class train dice: [0.9824, 0.6348, 0.9635, 0.8629, 0.7912, 0.8905, 0.918, 0.6791, 0.7288]
   Per-class val   dice: [0.9602, 0.6901, 0.5329, 0.8337, 0.6652, 0.8255, 0.8079, 0.0, 0.4792]
   Per-class train HD95: [2.0, 9.0, 1.71, 4.47, 4.24, 3.5, 3.0, 17.55, 8.35]
   Per-class val   HD95: [3.58, 9.85, 174.08, 13.05, 9.0, 5.0, 9.8, 'nan', 7.48]
   Logged metrics to metrics.json and metrics.csv
